<?xml version="1.0" encoding="UTF-8"?>
<robot generator="Robot 3.1.2 (Python 3.8.1 on win32)" generated="20200331 13:49:37.914" rpa="false">
<suite id="s1" name="Sistema Notificaciones" source="C:\Users\snreyess\PycharmProjects\Robot_NotificacionesObligatorias\sistema_notificaciones">
<suite id="s1-s1" name="TestCase" source="C:\Users\snreyess\PycharmProjects\Robot_NotificacionesObligatorias\sistema_notificaciones\TestCase.robot">
<kw name="Configuracion entorno de ejecucion" library="login_generico" type="setup">
<kw name="Create Webdriver" library="SeleniumLibrary">
<doc>Creates an instance of Selenium WebDriver.</doc>
<arguments>
<arg>${BROWSER}</arg>
<arg>executable_path=C:/webdriver/chromedriver.exe</arg>
</arguments>
<msg timestamp="20200331 13:49:38.204" level="INFO">Creating an instance of the Chrome WebDriver.</msg>
<status status="PASS" starttime="20200331 13:49:38.204" endtime="20200331 13:49:43.333"></status>
</kw>
<kw name="Go To" library="SeleniumLibrary">
<doc>Navigates the current browser window to the provided ``url``.</doc>
<arguments>
<arg>${URL}</arg>
</arguments>
<msg timestamp="20200331 13:49:43.334" level="INFO">Opening url 'https://wa-qa-sno.azurewebsites.net/'</msg>
<status status="PASS" starttime="20200331 13:49:43.333" endtime="20200331 13:49:45.503"></status>
</kw>
<kw name="Maximize Browser Window" library="SeleniumLibrary">
<doc>Maximizes current browser window.</doc>
<status status="PASS" starttime="20200331 13:49:45.503" endtime="20200331 13:49:49.631"></status>
</kw>
<kw name="Click Element" library="SeleniumLibrary">
<doc>Click the element identified by ``locator``.</doc>
<arguments>
<arg>id=user-menu-dropdown</arg>
</arguments>
<msg timestamp="20200331 13:49:49.632" level="INFO">Clicking element 'id=user-menu-dropdown'.</msg>
<status status="PASS" starttime="20200331 13:49:49.632" endtime="20200331 13:49:49.711"></status>
</kw>
<kw name="Click Element" library="SeleniumLibrary">
<doc>Click the element identified by ``locator``.</doc>
<arguments>
<arg>link=Iniciar Sesión</arg>
</arguments>
<msg timestamp="20200331 13:49:49.712" level="INFO">Clicking element 'link=Iniciar Sesión'.</msg>
<status status="PASS" starttime="20200331 13:49:49.712" endtime="20200331 13:49:50.577"></status>
</kw>
<status status="PASS" starttime="20200331 13:49:38.204" endtime="20200331 13:49:50.577"></status>
</kw>
<test id="s1-s1-t1" name="[Test_001][step-01] Login generico">
<kw name="Login generico" library="login_generico">
<arguments>
<arg>snreyess@achs.cl</arg>
<arg>Inicio03.</arg>
</arguments>
<kw name="Sleep" library="BuiltIn">
<doc>Pauses the test executed for the given time.</doc>
<arguments>
<arg>1</arg>
</arguments>
<msg timestamp="20200331 13:49:51.594" level="INFO">Slept 1 second</msg>
<status status="PASS" starttime="20200331 13:49:50.589" endtime="20200331 13:49:51.594"></status>
</kw>
<kw name="Input Text" library="SeleniumLibrary">
<doc>Types the given ``text`` into the text field identified by ``locator``.</doc>
<arguments>
<arg>name:loginfmt</arg>
<arg>${userName}</arg>
</arguments>
<msg timestamp="20200331 13:49:51.595" level="INFO">Typing text 'snreyess@achs.cl' into text field 'name:loginfmt'.</msg>
<status status="PASS" starttime="20200331 13:49:51.594" endtime="20200331 13:49:51.808"></status>
</kw>
<kw name="Click Element" library="SeleniumLibrary">
<doc>Click the element identified by ``locator``.</doc>
<arguments>
<arg>id:idSIButton9</arg>
</arguments>
<msg timestamp="20200331 13:49:51.808" level="INFO">Clicking element 'id:idSIButton9'.</msg>
<status status="PASS" starttime="20200331 13:49:51.808" endtime="20200331 13:49:51.895"></status>
</kw>
<kw name="Sleep" library="BuiltIn">
<doc>Pauses the test executed for the given time.</doc>
<arguments>
<arg>1</arg>
</arguments>
<msg timestamp="20200331 13:49:52.899" level="INFO">Slept 1 second</msg>
<status status="PASS" starttime="20200331 13:49:51.896" endtime="20200331 13:49:52.900"></status>
</kw>
<kw name="Input Text" library="SeleniumLibrary">
<doc>Types the given ``text`` into the text field identified by ``locator``.</doc>
<arguments>
<arg>name:passwd</arg>
<arg>${Password}</arg>
</arguments>
<msg timestamp="20200331 13:49:52.903" level="INFO">Typing text 'Inicio03.' into text field 'name:passwd'.</msg>
<status status="PASS" starttime="20200331 13:49:52.901" endtime="20200331 13:49:53.075"></status>
</kw>
<kw name="Click Element" library="SeleniumLibrary">
<doc>Click the element identified by ``locator``.</doc>
<arguments>
<arg>id:idSIButton9</arg>
</arguments>
<msg timestamp="20200331 13:49:53.075" level="INFO">Clicking element 'id:idSIButton9'.</msg>
<status status="PASS" starttime="20200331 13:49:53.075" endtime="20200331 13:49:53.917"></status>
</kw>
<kw name="Click Element" library="SeleniumLibrary">
<doc>Click the element identified by ``locator``.</doc>
<arguments>
<arg>id=idBtn_Back</arg>
</arguments>
<msg timestamp="20200331 13:49:53.918" level="INFO">Clicking element 'id=idBtn_Back'.</msg>
<status status="PASS" starttime="20200331 13:49:53.918" endtime="20200331 13:49:55.483"></status>
</kw>
<status status="PASS" starttime="20200331 13:49:50.585" endtime="20200331 13:49:55.485"></status>
</kw>
<tags>
<tag>DEBUG LOGIN</tag>
<tag>NewTag</tag>
</tags>
<status status="PASS" starttime="20200331 13:49:50.577" endtime="20200331 13:49:55.488" critical="yes"></status>
</test>
<test id="s1-s1-t2" name="[Test_001][step-02] Click en notificaciones obligatorias">
<kw name="Click notificaciones obligatorias" library="op1_generar_notificaciones_demo">
<kw name="Click Element" library="SeleniumLibrary">
<doc>Click the element identified by ``locator``.</doc>
<arguments>
<arg>id=navbar-notifications</arg>
</arguments>
<msg timestamp="20200331 13:49:55.506" level="INFO">Clicking element 'id=navbar-notifications'.</msg>
<status status="PASS" starttime="20200331 13:49:55.506" endtime="20200331 13:49:56.908"></status>
</kw>
<status status="PASS" starttime="20200331 13:49:55.506" endtime="20200331 13:49:56.908"></status>
</kw>
<tags>
<tag>NewTag</tag>
</tags>
<status status="PASS" starttime="20200331 13:49:55.501" endtime="20200331 13:49:56.909" critical="yes"></status>
</test>
<test id="s1-s1-t3" name="[Test_001][step-03] Ingresar paciente">
<kw name="Ingresar paciente y buscar notificacion" library="op1_generar_notificaciones_demo">
<arguments>
<arg>16759571-5</arg>
</arguments>
<kw name="Input Text" library="SeleniumLibrary">
<doc>Types the given ``text`` into the text field identified by ``locator``.</doc>
<arguments>
<arg>id=grid-searchbox</arg>
<arg>${RUT_Paciente}</arg>
</arguments>
<msg timestamp="20200331 13:49:56.924" level="INFO">Typing text '16759571-5' into text field 'id=grid-searchbox'.</msg>
<status status="PASS" starttime="20200331 13:49:56.921" endtime="20200331 13:49:57.733"></status>
</kw>
<kw name="Click Element" library="SeleniumLibrary">
<doc>Click the element identified by ``locator``.</doc>
<arguments>
<arg>css=div.suggestions-searchbox.tt-suggestion.tt-selectable</arg>
</arguments>
<msg timestamp="20200331 13:49:57.733" level="INFO">Clicking element 'css=div.suggestions-searchbox.tt-suggestion.tt-selectable'.</msg>
<kw name="Capture Page Screenshot" library="SeleniumLibrary">
<doc>Takes a screenshot of the current page and embeds it into a log file.</doc>
<msg timestamp="20200331 13:49:58.400" level="INFO" html="yes">&lt;/td&gt;&lt;/tr&gt;&lt;tr&gt;&lt;td colspan="3"&gt;&lt;a href="selenium-screenshot-24.png"&gt;&lt;img src="selenium-screenshot-24.png" width="800px"&gt;&lt;/a&gt;</msg>
<status status="PASS" starttime="20200331 13:49:57.744" endtime="20200331 13:49:58.400"></status>
</kw>
<msg timestamp="20200331 13:49:58.419" level="FAIL">Element with locator 'css=div.suggestions-searchbox.tt-suggestion.tt-selectable' not found.</msg>
<status status="FAIL" starttime="20200331 13:49:57.733" endtime="20200331 13:49:58.419"></status>
</kw>
<status status="FAIL" starttime="20200331 13:49:56.919" endtime="20200331 13:49:58.419"></status>
</kw>
<tags>
<tag>NewTag</tag>
</tags>
<status status="FAIL" starttime="20200331 13:49:56.915" endtime="20200331 13:49:58.420" critical="yes">Element with locator 'css=div.suggestions-searchbox.tt-suggestion.tt-selectable' not found.</status>
</test>
<test id="s1-s1-t4" name="[Test_001][step-04] Seleccionar del listado de notificaciones">
<kw name="Ingresar estado notificacion" library="op1_generar_notificaciones_demo">
<arguments>
<arg>Iniciada</arg>
</arguments>
<kw name="Input Text" library="SeleniumLibrary">
<doc>Types the given ``text`` into the text field identified by ``locator``.</doc>
<arguments>
<arg>xpath=(//input[@type='search'])[2]</arg>
<arg>${FilterNotification}</arg>
</arguments>
<msg timestamp="20200331 13:49:58.423" level="INFO">Typing text 'Iniciada' into text field 'xpath=(//input[@type='search'])[2]'.</msg>
<status status="PASS" starttime="20200331 13:49:58.423" endtime="20200331 13:49:58.669"></status>
</kw>
<kw name="Press Keys" library="SeleniumLibrary">
<doc>Simulates the user pressing key(s) to an element or on the active browser.</doc>
<arguments>
<arg>None</arg>
<arg>ENTER</arg>
</arguments>
<msg timestamp="20200331 13:49:58.670" level="INFO">Sending key(s) ('ENTER',) to page.</msg>
<msg timestamp="20200331 13:49:58.677" level="INFO">Pressing special key ENTER to browser.</msg>
<msg timestamp="20200331 13:49:58.677" level="INFO">Releasing special key ENTER.</msg>
<status status="PASS" starttime="20200331 13:49:58.669" endtime="20200331 13:49:58.704"></status>
</kw>
<kw name="Click Element" library="SeleniumLibrary">
<doc>Click the element identified by ``locator``.</doc>
<arguments>
<arg>css=a.k-icon.k-i-expand</arg>
</arguments>
<msg timestamp="20200331 13:49:58.704" level="INFO">Clicking element 'css=a.k-icon.k-i-expand'.</msg>
<kw name="Capture Page Screenshot" library="SeleniumLibrary">
<doc>Takes a screenshot of the current page and embeds it into a log file.</doc>
<msg timestamp="20200331 13:49:59.193" level="INFO" html="yes">&lt;/td&gt;&lt;/tr&gt;&lt;tr&gt;&lt;td colspan="3"&gt;&lt;a href="selenium-screenshot-25.png"&gt;&lt;img src="selenium-screenshot-25.png" width="800px"&gt;&lt;/a&gt;</msg>
<status status="PASS" starttime="20200331 13:49:58.718" endtime="20200331 13:49:59.194"></status>
</kw>
<msg timestamp="20200331 13:49:59.196" level="FAIL">Element with locator 'css=a.k-icon.k-i-expand' not found.</msg>
<status status="FAIL" starttime="20200331 13:49:58.704" endtime="20200331 13:49:59.196"></status>
</kw>
<status status="FAIL" starttime="20200331 13:49:58.422" endtime="20200331 13:49:59.196"></status>
</kw>
<tags>
<tag>NewTag</tag>
</tags>
<status status="FAIL" starttime="20200331 13:49:58.422" endtime="20200331 13:49:59.197" critical="yes">Element with locator 'css=a.k-icon.k-i-expand' not found.</status>
</test>
<test id="s1-s1-t5" name="[Test_001][step-05] Indicar si aplica diagnostico">
<kw name="Click en continuar" library="op1_generar_notificaciones_demo">
<kw name="Click Element" library="SeleniumLibrary">
<doc>Click the element identified by ``locator``.</doc>
<arguments>
<arg>xpath://button[@type='button']</arg>
</arguments>
<msg timestamp="20200331 13:49:59.199" level="INFO">Clicking element 'xpath://button[@type='button']'.</msg>
<status status="PASS" starttime="20200331 13:49:59.199" endtime="20200331 13:49:59.282"></status>
</kw>
<status status="PASS" starttime="20200331 13:49:59.199" endtime="20200331 13:49:59.283"></status>
</kw>
<tags>
<tag>NewTag</tag>
</tags>
<status status="PASS" starttime="20200331 13:49:59.198" endtime="20200331 13:49:59.283" critical="yes"></status>
</test>
<test id="s1-s1-t6" name="[Test_001][step-06] Formulario por diagnostico">
<kw name="Click en boton grave" library="op1_generar_notificaciones_demo">
<kw name="Sleep" library="BuiltIn">
<doc>Pauses the test executed for the given time.</doc>
<arguments>
<arg>1</arg>
</arguments>
<msg timestamp="20200331 13:50:00.286" level="INFO">Slept 1 second</msg>
<status status="PASS" starttime="20200331 13:49:59.286" endtime="20200331 13:50:00.286"></status>
</kw>
<kw name="Click Element" library="SeleniumLibrary">
<doc>Click the element identified by ``locator``.</doc>
<arguments>
<arg>css=label.form-checkbox-help</arg>
</arguments>
<msg timestamp="20200331 13:50:00.286" level="INFO">Clicking element 'css=label.form-checkbox-help'.</msg>
<status status="PASS" starttime="20200331 13:50:00.286" endtime="20200331 13:50:00.351"></status>
</kw>
<status status="PASS" starttime="20200331 13:49:59.285" endtime="20200331 13:50:00.351"></status>
</kw>
<tags>
<tag>NewTag</tag>
</tags>
<status status="PASS" starttime="20200331 13:49:59.285" endtime="20200331 13:50:00.352" critical="yes"></status>
</test>
<test id="s1-s1-t7" name="[Test_001][step-07] Envio exitoso de notificacion">
<kw name="Click en boton enviar" library="op1_generar_notificaciones_demo">
<kw name="Sleep" library="BuiltIn">
<doc>Pauses the test executed for the given time.</doc>
<arguments>
<arg>1</arg>
</arguments>
<msg timestamp="20200331 13:50:01.356" level="INFO">Slept 1 second</msg>
<status status="PASS" starttime="20200331 13:50:00.355" endtime="20200331 13:50:01.356"></status>
</kw>
<kw name="Execute Javascript" library="SeleniumLibrary">
<doc>Executes the given JavaScript code with possible arguments.</doc>
<arguments>
<arg>$("[id^=form-send]").click();</arg>
</arguments>
<msg timestamp="20200331 13:50:01.356" level="INFO">Executing JavaScript:
$("[id^=form-send]").click();
Without any arguments.</msg>
<status status="PASS" starttime="20200331 13:50:01.356" endtime="20200331 13:50:01.362"></status>
</kw>
<status status="PASS" starttime="20200331 13:50:00.355" endtime="20200331 13:50:01.362"></status>
</kw>
<tags>
<tag>NewTag</tag>
</tags>
<status status="PASS" starttime="20200331 13:50:00.353" endtime="20200331 13:50:01.363" critical="yes"></status>
</test>
<test id="s1-s1-t8" name="[Test_001][step-08] Mensaje de confirmacion">
<kw name="Validando Mensaje de confirmacion" library="op1_generar_notificaciones_demo">
<kw name="Sleep" library="BuiltIn">
<doc>Pauses the test executed for the given time.</doc>
<arguments>
<arg>3</arg>
</arguments>
<msg timestamp="20200331 13:50:04.366" level="INFO">Slept 3 seconds</msg>
<status status="PASS" starttime="20200331 13:50:01.364" endtime="20200331 13:50:04.366"></status>
</kw>
<status status="PASS" starttime="20200331 13:50:01.364" endtime="20200331 13:50:04.366"></status>
</kw>
<tags>
<tag>NewTag</tag>
</tags>
<status status="PASS" starttime="20200331 13:50:01.364" endtime="20200331 13:50:04.366" critical="yes"></status>
</test>
<kw name="Cerrar Browsers" library="login_generico" type="teardown">
<kw name="Close All Browsers" library="SeleniumLibrary">
<doc>Closes all open browsers and resets the browser cache.</doc>
<status status="PASS" starttime="20200331 13:50:04.369" endtime="20200331 13:50:06.507"></status>
</kw>
<status status="PASS" starttime="20200331 13:50:04.369" endtime="20200331 13:50:06.507"></status>
</kw>
<doc>POC Controladores</doc>
<status status="FAIL" starttime="20200331 13:49:37.964" endtime="20200331 13:50:06.507"></status>
</suite>
<status status="FAIL" starttime="20200331 13:49:37.927" endtime="20200331 13:50:06.512"></status>
</suite>
<statistics>
<total>
<stat pass="6" fail="2">Critical Tests</stat>
<stat pass="6" fail="2">All Tests</stat>
</total>
<tag>
<stat pass="1" fail="0">DEBUG LOGIN</stat>
<stat pass="6" fail="2">NewTag</stat>
</tag>
<suite>
<stat pass="6" fail="2" id="s1" name="Sistema Notificaciones">Sistema Notificaciones</stat>
<stat pass="6" fail="2" id="s1-s1" name="TestCase">Sistema Notificaciones.TestCase</stat>
</suite>
</statistics>
<errors>
</errors>
</robot>
